<?xml version="1.0" encoding="UTF-8"?>
<testng-results ignored="0" total="3" passed="3" failed="0" skipped="0">
  <reporter-output>
  </reporter-output>
  <suite started-at="2024-09-14T11:47:16 IST" name="Suite" finished-at="2024-09-14T11:47:17 IST" duration-ms="115">
    <groups>
      <group name="functional">
        <method signature="PaymentTest.paymentinRupees()[pri:1, instance:_4dependency.PaymentTest@f5958c9]" name="paymentinRupees" class="_4dependency.PaymentTest"/>
        <method signature="PaymentTest.paymentinDollar()[pri:2, instance:_4dependency.PaymentTest@f5958c9]" name="paymentinDollar" class="_4dependency.PaymentTest"/>
        <method signature="PaymentTest.paymentinKDs()[pri:4, instance:_4dependency.PaymentTest@f5958c9]" name="paymentinKDs" class="_4dependency.PaymentTest"/>
      </group> <!-- functional -->
      <group name="regression">
        <method signature="PaymentTest.paymentinRupees()[pri:1, instance:_4dependency.PaymentTest@f5958c9]" name="paymentinRupees" class="_4dependency.PaymentTest"/>
        <method signature="PaymentTest.paymentinDollar()[pri:2, instance:_4dependency.PaymentTest@f5958c9]" name="paymentinDollar" class="_4dependency.PaymentTest"/>
        <method signature="PaymentTest.paymentinKDs()[pri:4, instance:_4dependency.PaymentTest@f5958c9]" name="paymentinKDs" class="_4dependency.PaymentTest"/>
      </group> <!-- regression -->
      <group name="sanity">
        <method signature="PaymentTest.paymentinRupees()[pri:1, instance:_4dependency.PaymentTest@f5958c9]" name="paymentinRupees" class="_4dependency.PaymentTest"/>
        <method signature="PaymentTest.paymentinDollar()[pri:2, instance:_4dependency.PaymentTest@f5958c9]" name="paymentinDollar" class="_4dependency.PaymentTest"/>
        <method signature="PaymentTest.paymentinKDs()[pri:4, instance:_4dependency.PaymentTest@f5958c9]" name="paymentinKDs" class="_4dependency.PaymentTest"/>
      </group> <!-- sanity -->
    </groups>
    <test started-at="2024-09-14T11:47:16 IST" name="Test" finished-at="2024-09-14T11:47:17 IST" duration-ms="115">
      <class name="_4dependency.PaymentTest">
        <test-method signature="paymentinRupees()[pri:1, instance:_4dependency.PaymentTest@f5958c9]" started-at="2024-09-14T11:47:17 IST" name="paymentinRupees" finished-at="2024-09-14T11:47:17 IST" duration-ms="13" status="PASS">
          <reporter-output>
          </reporter-output>
        </test-method> <!-- paymentinRupees -->
        <test-method signature="paymentinDollar()[pri:2, instance:_4dependency.PaymentTest@f5958c9]" started-at="2024-09-14T11:47:17 IST" name="paymentinDollar" finished-at="2024-09-14T11:47:17 IST" duration-ms="2" status="PASS">
          <reporter-output>
          </reporter-output>
        </test-method> <!-- paymentinDollar -->
        <test-method signature="paymentinKDs()[pri:4, instance:_4dependency.PaymentTest@f5958c9]" started-at="2024-09-14T11:47:17 IST" name="paymentinKDs" finished-at="2024-09-14T11:47:17 IST" duration-ms="4" status="PASS">
          <reporter-output>
          </reporter-output>
        </test-method> <!-- paymentinKDs -->
      </class> <!-- _4dependency.PaymentTest -->
    </test> <!-- Test -->
  </suite> <!-- Suite -->
</testng-results>
