<?xml version="1.0" encoding="UTF-8"?>
<!-- Generated by org.testng.reporters.JUnitXMLReporter -->
<testsuite ignored="2" hostname="DESKTOP-U2FLON5" failures="0" tests="4" name="GRP-regression" time="0.151" errors="0" timestamp="2024-08-05T11:20:09 IST">
  <testcase classname="com.test.Before_AterGroups" name="testmethod" time="0.008"/>
  <testcase classname="com.test.TestDemo" name="testmethod2" time="0.002"/>
  <testcase classname="com.test.TestDemo" name="testmethod" time="0.003"/>
  <testcase classname="com.test.TestDemo2" name="test2" time="0.005"/>
  <testcase classname="com.test.TestDemo2" name="test1" time="0.0">
    <ignored/>
  </testcase> <!-- test1 -->
  <testcase classname="com.test.Before_AterGroups" name="testmethod2" time="0.0">
    <ignored/>
  </testcase> <!-- testmethod2 -->
</testsuite> <!-- GRP-regression -->
