<?xml version="1.0" encoding="UTF-8"?>
<!-- Generated by org.testng.reporters.JUnitXMLReporter -->
<testsuite ignored="6" hostname="DESKTOP-U2FLON5" failures="0" tests="3" name="GRP-SmokeTest" time="0.106" errors="0" timestamp="2024-08-05T09:00:25 IST">
  <testcase classname="com.test.Car_loan" name="APILoginCarLoan" time="0.015"/>
  <testcase classname="com.test.Home_loan" name="MobileLoginHomeLoan" time="0.003"/>
  <testcase classname="com.test.Personal_loan" name="WebLoginPersonalLoan" time="0.003"/>
  <testcase classname="com.test.Home_loan" name="APILoginHomeLoan" time="0.0">
    <ignored/>
  </testcase> <!-- APILoginHomeLoan -->
  <testcase classname="com.test.Personal_loan" name="APILoginPersonalLoan" time="0.0">
    <ignored/>
  </testcase> <!-- APILoginPersonalLoan -->
  <testcase classname="com.test.Car_loan" name="WebLoginCarLoan" time="0.0">
    <ignored/>
  </testcase> <!-- WebLoginCarLoan -->
  <testcase classname="com.test.Car_loan" name="MobileLoginCarLoan" time="0.0">
    <ignored/>
  </testcase> <!-- MobileLoginCarLoan -->
  <testcase classname="com.test.Home_loan" name="WebLoginHomeLoan" time="0.0">
    <ignored/>
  </testcase> <!-- WebLoginHomeLoan -->
  <testcase classname="com.test.Personal_loan" name="MobileLoginPersonalLoan" time="0.0">
    <ignored/>
  </testcase> <!-- MobileLoginPersonalLoan -->
</testsuite> <!-- GRP-SmokeTest -->
