<?xml version="1.0" encoding="UTF-8"?>
<!-- Generated by org.testng.reporters.JUnitXMLReporter -->
<testsuite ignored="11" hostname="DESKTOP-U2FLON5" failures="0" tests="3" name="regression testng" time="0.149" errors="0" timestamp="2024-08-05T09:46:15 IST">
  <testcase classname="com.test.TestDemo2" name="test2" time="0.008"/>
  <testcase classname="com.test.TestDemo" name="testmethod2" time="0.004"/>
  <testcase classname="com.test.TestDemo" name="testmethod" time="0.007"/>
  <testcase classname="com.test.VerifyTitlebyAssertion" name="test1Method" time="0.0">
    <ignored/>
  </testcase> <!-- test1Method -->
  <testcase classname="com.test.Car_loan" name="APILoginCarLoan" time="0.0">
    <ignored/>
  </testcase> <!-- APILoginCarLoan -->
  <testcase classname="com.test.Home_loan" name="APILoginHomeLoan" time="0.0">
    <ignored/>
  </testcase> <!-- APILoginHomeLoan -->
  <testcase classname="com.test.Personal_loan" name="MobileLoginPersonalLoan" time="0.0">
    <ignored/>
  </testcase> <!-- MobileLoginPersonalLoan -->
  <testcase classname="com.test.TestDemo2" name="test1" time="0.0">
    <ignored/>
  </testcase> <!-- test1 -->
  <testcase classname="com.test.Home_loan" name="WebLoginHomeLoan" time="0.0">
    <ignored/>
  </testcase> <!-- WebLoginHomeLoan -->
  <testcase classname="com.test.Car_loan" name="WebLoginCarLoan" time="0.0">
    <ignored/>
  </testcase> <!-- WebLoginCarLoan -->
  <testcase classname="com.test.Home_loan" name="MobileLoginHomeLoan" time="0.0">
    <ignored/>
  </testcase> <!-- MobileLoginHomeLoan -->
  <testcase classname="com.test.Car_loan" name="MobileLoginCarLoan" time="0.0">
    <ignored/>
  </testcase> <!-- MobileLoginCarLoan -->
  <testcase classname="com.test.Personal_loan" name="WebLoginPersonalLoan" time="0.0">
    <ignored/>
  </testcase> <!-- WebLoginPersonalLoan -->
  <testcase classname="com.test.Personal_loan" name="APILoginPersonalLoan" time="0.0">
    <ignored/>
  </testcase> <!-- APILoginPersonalLoan -->
</testsuite> <!-- regression testng -->
