<?xml version="1.0" encoding="UTF-8"?>
<!-- Generated by org.testng.reporters.JUnitXMLReporter -->
<testsuite ignored="0" hostname="DESKTOP-U2FLON5" failures="0" tests="9" name="SmokeTest" time="0.239" errors="0" timestamp="2024-08-05T09:37:03 IST">
  <testcase classname="com.test.Car_loan" name="APILoginCarLoan" time="0.002"/>
  <testcase classname="com.test.Car_loan" name="MobileLoginCarLoan" time="0.003"/>
  <testcase classname="com.test.Car_loan" name="WebLoginCarLoan" time="0.002"/>
  <testcase classname="com.test.Personal_loan" name="APILoginPersonalLoan" time="0.003"/>
  <testcase classname="com.test.Personal_loan" name="MobileLoginPersonalLoan" time="0.005"/>
  <testcase classname="com.test.Personal_loan" name="WebLoginPersonalLoan" time="0.116"/>
  <testcase classname="com.test.Home_loan" name="APILoginHomeLoan" time="0.031"/>
  <testcase classname="com.test.Home_loan" name="MobileLoginHomeLoan" time="0.013"/>
  <testcase classname="com.test.Home_loan" name="WebLoginHomeLoan" time="0.005"/>
</testsuite> <!-- SmokeTest -->
