<?xml version="1.0" encoding="UTF-8"?>
<!-- Generated by org.testng.reporters.JUnitXMLReporter -->
<testsuite ignored="0" hostname="DESKTOP-U2FLON5" failures="0" tests="3" name="ChromeTest" time="20.811" errors="0" timestamp="2024-08-20T08:22:09 IST">
  <testcase classname="_5dataprovider.ParamTest" name="testTitle" time="0.06"/>
  <testcase classname="_5dataprovider.ParamTest" name="testLogo" time="5.743"/>
  <testcase classname="_5dataprovider.ParamTest" name="testURL" time="0.039"/>
</testsuite> <!-- ChromeTest -->
