<?xml version="1.0" encoding="UTF-8"?>
<!-- Generated by org.testng.reporters.JUnitXMLReporter -->
<testsuite ignored="0" hostname="DESKTOP-U2FLON5" failures="1" tests="3" name="OrangeTest" time="15.517" errors="0" timestamp="2024-08-20T14:19:21 IST">
  <testcase classname="_6ilisteners.OrangeHRMapp" name="testLogo" time="5.692"/>
  <testcase classname="_6ilisteners.OrangeHRMapp" name="testTitle" time="0.018">
    <failure type="java.lang.AssertionError" message="expected [OrangeeHRM] but found [OrangeHRM]">
      <![CDATA[java.lang.AssertionError: expected [OrangeeHRM] but found [OrangeHRM]
at _6ilisteners.OrangeHRMapp.testTitle(OrangeHRMapp.java:44)
at java.base/java.util.ArrayList.forEach(ArrayList.java:1511)
... Removed 31 stack frames]]>
    </failure>
  </testcase> <!-- testTitle -->
  <testcase classname="_6ilisteners.OrangeHRMapp" name="testURL" time="0.0">
    <skipped/>
  </testcase> <!-- testURL -->
</testsuite> <!-- OrangeTest -->
