<?xml version="1.0" encoding="UTF-8"?>
<!-- Generated by org.testng.reporters.JUnitXMLReporter -->
<testsuite ignored="12" hostname="DESKTOP-U2FLON5" failures="0" tests="3" name="Test" time="0.115" errors="0" timestamp="2024-09-14T11:47:17 IST">
  <testcase classname="_4dependency.PaymentTest" name="paymentinRupees" time="0.013"/>
  <testcase classname="_4dependency.PaymentTest" name="paymentinDollar" time="0.002"/>
  <testcase classname="_4dependency.PaymentTest" name="paymentinKDs" time="0.004"/>
  <testcase classname="_4dependency.SignUpTest" name="logout" time="0.0">
    <ignored/>
  </testcase> <!-- logout -->
  <testcase classname="_4dependency.SignUpTest" name="signupByTwitter" time="0.0">
    <ignored/>
  </testcase> <!-- signupByTwitter -->
  <testcase classname="_4dependency.LoginTests" name="loginByTwitter" time="0.0">
    <ignored/>
  </testcase> <!-- loginByTwitter -->
  <testcase classname="_4dependency.SignUpTest" name="signupByMail" time="0.0">
    <ignored/>
  </testcase> <!-- signupByMail -->
  <testcase classname="_4dependency.PaymentTest" name="logout" time="0.0">
    <ignored/>
  </testcase> <!-- logout -->
  <testcase classname="_4dependency.LoginTests" name="logout" time="0.0">
    <ignored/>
  </testcase> <!-- logout -->
  <testcase classname="_4dependency.PaymentTest" name="paymentinEuros" time="0.0">
    <ignored/>
  </testcase> <!-- paymentinEuros -->
  <testcase classname="_4dependency.SignUpTest" name="signupByWhatsAPP" time="0.0">
    <ignored/>
  </testcase> <!-- signupByWhatsAPP -->
  <testcase classname="_4dependency.LoginTests" name="loginByWhatsAPP" time="0.0">
    <ignored/>
  </testcase> <!-- loginByWhatsAPP -->
  <testcase classname="_4dependency.LoginTests" name="loginbyMail" time="0.0">
    <ignored/>
  </testcase> <!-- loginbyMail -->
  <testcase classname="_4dependency.SignUpTest" name="signupbyFacebook" time="0.0">
    <ignored/>
  </testcase> <!-- signupbyFacebook -->
  <testcase classname="_4dependency.LoginTests" name="loginbyFacebook" time="0.0">
    <ignored/>
  </testcase> <!-- loginbyFacebook -->
</testsuite> <!-- Test -->
