<?xml version="1.0" encoding="UTF-8"?>
<!-- Generated by org.testng.reporters.JUnitXMLReporter -->
<testsuite ignored="3" hostname="DESKTOP-U2FLON5" failures="0" tests="1" name="Test2" time="9.369" errors="0" timestamp="2024-08-07T19:49:29 IST">
  <testcase classname="selenium.test.ScreenShotsTest" name="ebayTitle" time="4.657"/>
  <testcase classname="selenium.test.ScreenShotsTest" name="hyrTitle" time="0.0">
    <ignored/>
  </testcase> <!-- hyrTitle -->
  <testcase classname="selenium.test.ScreenShotsTest" name="swagLabTitle" time="0.0">
    <ignored/>
  </testcase> <!-- swagLabTitle -->
  <testcase classname="selenium.test.ScreenShotsTest" name="facebook" time="0.0">
    <ignored/>
  </testcase> <!-- facebook -->
</testsuite> <!-- Test2 -->
