<?xml version="1.0" encoding="UTF-8"?>
<testng-results ignored="0" total="2" passed="2" failed="0" skipped="0">
  <reporter-output>
  </reporter-output>
  <suite started-at="2024-08-26T20:19:19 IST" name="masterSuite" finished-at="2024-08-26T20:19:32 IST" duration-ms="13597">
    <groups>
      <group name="Master">
        <method signature="TC001_AccountRegTest.verify_account_registration()[pri:0, instance:testCases.TC001_AccountRegTest@544fa968]" name="verify_account_registration" class="testCases.TC001_AccountRegTest"/>
        <method signature="TC002_LoginTest.verify_login()[pri:0, instance:testCases.TC002_LoginTest@7d20d0b]" name="verify_login" class="testCases.TC002_LoginTest"/>
      </group> <!-- Master -->
      <group name="Sanity">
        <method signature="TC002_LoginTest.verify_login()[pri:0, instance:testCases.TC002_LoginTest@7d20d0b]" name="verify_login" class="testCases.TC002_LoginTest"/>
      </group> <!-- Sanity -->
      <group name="Regression">
        <method signature="TC001_AccountRegTest.verify_account_registration()[pri:0, instance:testCases.TC001_AccountRegTest@544fa968]" name="verify_account_registration" class="testCases.TC001_AccountRegTest"/>
      </group> <!-- Regression -->
    </groups>
    <test started-at="2024-08-26T20:19:19 IST" name="Test" finished-at="2024-08-26T20:19:32 IST" duration-ms="13597">
      <class name="testCases.TC002_LoginTest">
        <test-method is-config="true" signature="setup(java.lang.String,java.lang.String)[pri:0, instance:testCases.TC002_LoginTest@7d20d0b]" started-at="2024-08-26T20:19:27 IST" name="setup" finished-at="2024-08-26T20:19:30 IST" duration-ms="3138" status="PASS">
          <params>
            <param index="0">
              <value>
                <![CDATA[windows]]>
              </value>
            </param>
            <param index="1">
              <value>
                <![CDATA[chrome]]>
              </value>
            </param>
          </params>
          <reporter-output>
          </reporter-output>
        </test-method> <!-- setup -->
        <test-method signature="verify_login()[pri:0, instance:testCases.TC002_LoginTest@7d20d0b]" started-at="2024-08-26T20:19:30 IST" name="verify_login" finished-at="2024-08-26T20:19:32 IST" duration-ms="1456" status="PASS">
          <reporter-output>
          </reporter-output>
        </test-method> <!-- verify_login -->
        <test-method is-config="true" signature="tearDown()[pri:0, instance:testCases.TC002_LoginTest@7d20d0b]" started-at="2024-08-26T20:19:32 IST" name="tearDown" finished-at="2024-08-26T20:19:32 IST" duration-ms="372" status="PASS">
          <reporter-output>
          </reporter-output>
        </test-method> <!-- tearDown -->
      </class> <!-- testCases.TC002_LoginTest -->
      <class name="testCases.TC001_AccountRegTest">
        <test-method is-config="true" signature="setup(java.lang.String,java.lang.String)[pri:0, instance:testCases.TC001_AccountRegTest@544fa968]" started-at="2024-08-26T20:19:19 IST" name="setup" finished-at="2024-08-26T20:19:24 IST" duration-ms="5387" status="PASS">
          <params>
            <param index="0">
              <value>
                <![CDATA[windows]]>
              </value>
            </param>
            <param index="1">
              <value>
                <![CDATA[chrome]]>
              </value>
            </param>
          </params>
          <reporter-output>
          </reporter-output>
        </test-method> <!-- setup -->
        <test-method signature="verify_account_registration()[pri:0, instance:testCases.TC001_AccountRegTest@544fa968]" started-at="2024-08-26T20:19:24 IST" name="verify_account_registration" finished-at="2024-08-26T20:19:27 IST" duration-ms="2547" status="PASS">
          <reporter-output>
          </reporter-output>
        </test-method> <!-- verify_account_registration -->
        <test-method is-config="true" signature="tearDown()[pri:0, instance:testCases.TC001_AccountRegTest@544fa968]" started-at="2024-08-26T20:19:27 IST" name="tearDown" finished-at="2024-08-26T20:19:27 IST" duration-ms="338" status="PASS">
          <reporter-output>
          </reporter-output>
        </test-method> <!-- tearDown -->
      </class> <!-- testCases.TC001_AccountRegTest -->
    </test> <!-- Test -->
  </suite> <!-- masterSuite -->
</testng-results>
